<?xml version="1.0" encoding="UTF-8"?>
<!-- Generated by org.testng.reporters.JUnitXMLReporter -->
<testsuite hostname="DESKTOP-3ULC79B" ignored="0" name="BankingApp Test" tests="1" failures="1" timestamp="2022-12-14T23:25:58 EST" time="5.663" errors="0">
  <testcase name="loginTest" time="1.312" classname="com.testcases.TC_LoginTest">
    <failure type="java.lang.AssertionError" message="expected [true] but found [false]">
      <![CDATA[java.lang.AssertionError: expected [true] but found [false]
at com.testcases.TC_LoginTest.loginTest(TC_LoginTest.java:29)
at java.util.ArrayList.forEach(Unknown Source)
... Removed 31 stack frames]]>
    </failure>
  </testcase> <!-- loginTest -->
</testsuite> <!-- BankingApp Test -->
